<?xml version="1.0" encoding="UTF-8"?>
<!-- Generated by org.testng.reporters.JUnitXMLReporter -->
<testsuite hostname="MSPS-AUTO-041" ignored="0" name="Default test" tests="3" failures="0" timestamp="2020-01-09T16:32:00 IST" time="94.837" errors="0">
  <testcase name="f" time="5.893" classname="testCases.BasicTestCase"/>
  <testcase name="f1" time="1.944" classname="testCases.BasicTestCase"/>
  <testcase name="f2" time="0.319" classname="testCases.BasicTestCase"/>
</testsuite> <!-- Default test -->
